[0;36m--- NEXUS GENESIS PROTOCOL v1.0 INITIATED ---[0m
[1;33mPhase 1: System Verification and Preparation[0m
[+] Verifying NEXUS_CORE infrastructure...
    ✓ /Users/nexus/NEXUS_CORE/scripts exists
    ✓ /Users/nexus/NEXUS_CORE/logs exists
    ✓ /Users/nexus/NEXUS_CORE/.git exists

[1;33mPhase 2: Kernel Siphon Activation[0m
[+] Activating Kernel Siphon virtual environment...
    ✓ Kernel Siphon environment activated

[1;33mPhase 3: Cloud Infrastructure Verification[0m
[+] Verifying rclone configuration...
    ✓ Google Drive configured

[1;33mPhase 4: Repository Synchronization[0m
[+] Checking repository status...

[1;33mPhase 5: Operational Systems Check[0m
[+] Verifying critical operational scripts...
    ✓ cloud_purge.py operational
    ✓ cloud_purge_v2.py operational
    ✓ space_manager.sh operational
    ✓ protocol_the_crypt.sh operational

[1;33mPhase 6: Volume and Storage Verification[0m
[+] Checking critical volumes...
    ✓ /Volumes/Transfer mounted
      Space: 19Gi available of 29Gi
    ✓ /Volumes/MacIntoshiba mounted
      Space: 26Gi available of 412Gi

[1;33mPhase 7: Network Connectivity Verification[0m
[+] Testing network connectivity...
    ✓ Internet connectivity confirmed

[1;33mPhase 8: Final System Status Report[0m
[+] Aura machine provisioning summary:
    • NEXUS_CORE: Operational
    • Kernel Siphon: Ready
    • Cloud Storage: Configured
    • Repository: Synchronized
    • Storage Volumes: 4 mounted

[0;32m--- NEXUS GENESIS PROTOCOL COMPLETE ---[0m
[0;32mAura machine is now provisioned and operational.[0m
[1;33mReady for Operation: Ghost Boot and advanced directives.[0m
